Arguments: 
  /snap/node/5485/bin/node /snap/node/5485/bin/yarn.js config get registry

PATH: 
  /home/lumi/.npm/_npx/28896/bin:/home/lumi/node_modules/.bin:/usr/local/sbin:/usr/local/bin:/usr/sbin:/usr/bin:/sbin:/bin:/usr/games:/usr/local/games:/snap/bin

Yarn version: 
  1.22.15

Node version: 
  14.18.1

Platform: 
  linux x64

Trace: 
  Error: ../../../package.json: EACCES: permission denied, write
      at writeSync (fs.js:736:3)
      at SyncWriteStream._write (internal/fs/sync_write_stream.js:24:3)
      at writeOrBuffer (internal/streams/writable.js:358:12)
      at SyncWriteStream.Writable.write (internal/streams/writable.js:303:10)
      at ConsoleReporter.warn (/snap/node/5485/lib/cli.js:96928:17)
      at warn (/snap/node/5485/lib/cli.js:51701:23)
      at module.exports.exports.default (/snap/node/5485/lib/cli.js:37401:7)
      at /snap/node/5485/lib/cli.js:51712:51
      at Generator.next (<anonymous>)
      at step (/snap/node/5485/lib/cli.js:310:30)

npm manifest: 
  {
    "name": "sidebar-v1",
    "version": "0.1.0",
    "private": true
  }

yarn manifest: 
  No manifest

Lockfile: 
  No lockfile
